{"/Users/zakariaaoukaili/Desktop/SW-2023/Backend/server.js": {"path":"/Users/zakariaaoukaili/Desktop/SW-2023/Backend/server.js","statementMap":{"0":{"start":{"line":1,"column":16},"end":{"line":1,"column":34}},"1":{"start":{"line":2,"column":12},"end":{"line":2,"column":21}},"2":{"start":{"line":3,"column":13},"end":{"line":3,"column":28}},"3":{"start":{"line":6,"column":0},"end":{"line":6,"column":58}},"4":{"start":{"line":7,"column":0},"end":{"line":9,"column":3}},"5":{"start":{"line":8,"column":2},"end":{"line":8,"column":66}},"6":{"start":{"line":11,"column":0},"end":{"line":11,"column":23}},"7":{"start":{"line":15,"column":18},"end":{"line":15,"column":47}},"8":{"start":{"line":16,"column":24},"end":{"line":16,"column":49}},"9":{"start":{"line":18,"column":0},"end":{"line":18,"column":72}},"10":{"start":{"line":21,"column":0},"end":{"line":21,"column":46}},"11":{"start":{"line":22,"column":0},"end":{"line":22,"column":62}},"12":{"start":{"line":23,"column":0},"end":{"line":23,"column":52}},"13":{"start":{"line":24,"column":0},"end":{"line":24,"column":49}},"14":{"start":{"line":25,"column":0},"end":{"line":25,"column":50}},"15":{"start":{"line":26,"column":0},"end":{"line":26,"column":46}},"16":{"start":{"line":27,"column":0},"end":{"line":27,"column":50}},"17":{"start":{"line":28,"column":0},"end":{"line":28,"column":55}},"18":{"start":{"line":31,"column":0},"end":{"line":31,"column":57}},"19":{"start":{"line":32,"column":0},"end":{"line":32,"column":50}},"20":{"start":{"line":33,"column":0},"end":{"line":33,"column":59}},"21":{"start":{"line":34,"column":0},"end":{"line":34,"column":47}},"22":{"start":{"line":35,"column":0},"end":{"line":35,"column":65}},"23":{"start":{"line":38,"column":0},"end":{"line":38,"column":45}},"24":{"start":{"line":42,"column":0},"end":{"line":42,"column":52}},"25":{"start":{"line":43,"column":0},"end":{"line":43,"column":51}},"26":{"start":{"line":44,"column":0},"end":{"line":44,"column":59}},"27":{"start":{"line":45,"column":0},"end":{"line":45,"column":57}},"28":{"start":{"line":46,"column":0},"end":{"line":46,"column":52}},"29":{"start":{"line":48,"column":0},"end":{"line":48,"column":21}}},"fnMap":{"0":{"name":"(anonymous_0)","decl":{"start":{"line":7,"column":13},"end":{"line":7,"column":14}},"loc":{"start":{"line":7,"column":27},"end":{"line":9,"column":1}},"line":7}},"branchMap":{},"s":{"0":5,"1":5,"2":5,"3":5,"4":5,"5":0,"6":5,"7":5,"8":5,"9":5,"10":5,"11":5,"12":5,"13":5,"14":5,"15":5,"16":5,"17":5,"18":5,"19":5,"20":5,"21":5,"22":5,"23":5,"24":5,"25":5,"26":5,"27":5,"28":5,"29":5},"f":{"0":0},"b":{},"_coverageSchema":"1a1c01bbd47fc00a2c39e90264f33305004495a9","hash":"fbf1b2c40321b4e0d4315ecb3559047f48f3255e"}
,"/Users/zakariaaoukaili/Desktop/SW-2023/Backend/auxiliares/check.js": {"path":"/Users/zakariaaoukaili/Desktop/SW-2023/Backend/auxiliares/check.js","statementMap":{"0":{"start":{"line":1,"column":16},"end":{"line":15,"column":1}},"1":{"start":{"line":2,"column":15},"end":{"line":2,"column":28}},"2":{"start":{"line":3,"column":2},"end":{"line":5,"column":3}},"3":{"start":{"line":4,"column":6},"end":{"line":4,"column":19}},"4":{"start":{"line":7,"column":2},"end":{"line":14,"column":3}},"5":{"start":{"line":11,"column":6},"end":{"line":11,"column":18}},"6":{"start":{"line":13,"column":6},"end":{"line":13,"column":19}},"7":{"start":{"line":17,"column":22},"end":{"line":21,"column":1}},"8":{"start":{"line":18,"column":2},"end":{"line":20,"column":161}},"9":{"start":{"line":24,"column":0},"end":{"line":27,"column":2}}},"fnMap":{"0":{"name":"(anonymous_0)","decl":{"start":{"line":1,"column":16},"end":{"line":1,"column":17}},"loc":{"start":{"line":1,"column":34},"end":{"line":15,"column":1}},"line":1},"1":{"name":"(anonymous_1)","decl":{"start":{"line":17,"column":22},"end":{"line":17,"column":23}},"loc":{"start":{"line":17,"column":32},"end":{"line":21,"column":1}},"line":17}},"branchMap":{"0":{"loc":{"start":{"line":3,"column":2},"end":{"line":5,"column":3}},"type":"if","locations":[{"start":{"line":3,"column":2},"end":{"line":5,"column":3}},{"start":{},"end":{}}],"line":3},"1":{"loc":{"start":{"line":7,"column":2},"end":{"line":14,"column":3}},"type":"if","locations":[{"start":{"line":7,"column":2},"end":{"line":14,"column":3}},{"start":{"line":12,"column":9},"end":{"line":14,"column":3}}],"line":7},"2":{"loc":{"start":{"line":7,"column":5},"end":{"line":10,"column":23}},"type":"binary-expr","locations":[{"start":{"line":7,"column":5},"end":{"line":7,"column":23}},{"start":{"line":7,"column":27},"end":{"line":7,"column":45}},{"start":{"line":8,"column":5},"end":{"line":8,"column":23}},{"start":{"line":8,"column":27},"end":{"line":8,"column":45}},{"start":{"line":9,"column":5},"end":{"line":9,"column":23}},{"start":{"line":9,"column":27},"end":{"line":9,"column":45}},{"start":{"line":10,"column":5},"end":{"line":10,"column":23}}],"line":7}},"s":{"0":5,"1":4,"2":4,"3":1,"4":3,"5":2,"6":1,"7":5,"8":5,"9":5},"f":{"0":4,"1":5},"b":{"0":[1,3],"1":[2,1],"2":[3,1,1,1,1,1,1]},"_coverageSchema":"1a1c01bbd47fc00a2c39e90264f33305004495a9","hash":"bead1d65caf037c60fe39c6382aae7ac8a99e79a"}
,"/Users/zakariaaoukaili/Desktop/SW-2023/Backend/controllers/admin.js": {"path":"/Users/zakariaaoukaili/Desktop/SW-2023/Backend/controllers/admin.js","statementMap":{"0":{"start":{"line":1,"column":15},"end":{"line":1,"column":42}},"1":{"start":{"line":2,"column":14},"end":{"line":2,"column":39}},"2":{"start":{"line":3,"column":16},"end":{"line":3,"column":44}},"3":{"start":{"line":4,"column":14},"end":{"line":4,"column":40}},"4":{"start":{"line":8,"column":20},"end":{"line":24,"column":1}},"5":{"start":{"line":9,"column":2},"end":{"line":23,"column":4}},"6":{"start":{"line":10,"column":6},"end":{"line":22,"column":9}},"7":{"start":{"line":11,"column":10},"end":{"line":13,"column":11}},"8":{"start":{"line":12,"column":14},"end":{"line":12,"column":95}},"9":{"start":{"line":15,"column":27},"end":{"line":20,"column":11}},"10":{"start":{"line":15,"column":47},"end":{"line":20,"column":9}},"11":{"start":{"line":21,"column":8},"end":{"line":21,"column":72}},"12":{"start":{"line":27,"column":17},"end":{"line":62,"column":1}},"13":{"start":{"line":28,"column":2},"end":{"line":61,"column":3}},"14":{"start":{"line":29,"column":27},"end":{"line":29,"column":75}},"15":{"start":{"line":30,"column":6},"end":{"line":32,"column":7}},"16":{"start":{"line":31,"column":10},"end":{"line":31,"column":101}},"17":{"start":{"line":34,"column":15},"end":{"line":38,"column":7}},"18":{"start":{"line":41,"column":6},"end":{"line":47,"column":7}},"19":{"start":{"line":42,"column":25},"end":{"line":42,"column":63}},"20":{"start":{"line":43,"column":10},"end":{"line":43,"column":30}},"21":{"start":{"line":44,"column":10},"end":{"line":44,"column":20}},"22":{"start":{"line":46,"column":10},"end":{"line":46,"column":25}},"23":{"start":{"line":49,"column":23},"end":{"line":55,"column":8}},"24":{"start":{"line":57,"column":24},"end":{"line":57,"column":45}},"25":{"start":{"line":58,"column":6},"end":{"line":58,"column":97}},"26":{"start":{"line":60,"column":6},"end":{"line":60,"column":78}},"27":{"start":{"line":65,"column":14},"end":{"line":92,"column":3}},"28":{"start":{"line":66,"column":4},"end":{"line":91,"column":5}},"29":{"start":{"line":67,"column":21},"end":{"line":67,"column":64}},"30":{"start":{"line":68,"column":8},"end":{"line":70,"column":9}},"31":{"start":{"line":69,"column":12},"end":{"line":69,"column":90}},"32":{"start":{"line":72,"column":28},"end":{"line":72,"column":38}},"33":{"start":{"line":73,"column":8},"end":{"line":73,"column":61}},"34":{"start":{"line":75,"column":17},"end":{"line":75,"column":65}},"35":{"start":{"line":76,"column":17},"end":{"line":76,"column":70}},"36":{"start":{"line":77,"column":19},"end":{"line":77,"column":46}},"37":{"start":{"line":79,"column":8},"end":{"line":79,"column":51}},"38":{"start":{"line":81,"column":25},"end":{"line":85,"column":10}},"39":{"start":{"line":87,"column":27},"end":{"line":87,"column":48}},"40":{"start":{"line":88,"column":8},"end":{"line":88,"column":98}},"41":{"start":{"line":90,"column":8},"end":{"line":90,"column":80}},"42":{"start":{"line":96,"column":21},"end":{"line":105,"column":1}},"43":{"start":{"line":97,"column":14},"end":{"line":97,"column":66}},"44":{"start":{"line":99,"column":2},"end":{"line":104,"column":3}},"45":{"start":{"line":100,"column":6},"end":{"line":100,"column":84}},"46":{"start":{"line":102,"column":6},"end":{"line":102,"column":48}},"47":{"start":{"line":103,"column":6},"end":{"line":103,"column":81}},"48":{"start":{"line":108,"column":0},"end":{"line":113,"column":1}}},"fnMap":{"0":{"name":"(anonymous_0)","decl":{"start":{"line":8,"column":20},"end":{"line":8,"column":21}},"loc":{"start":{"line":8,"column":39},"end":{"line":24,"column":1}},"line":8},"1":{"name":"(anonymous_1)","decl":{"start":{"line":9,"column":17},"end":{"line":9,"column":18}},"loc":{"start":{"line":9,"column":29},"end":{"line":23,"column":3}},"line":9},"2":{"name":"(anonymous_2)","decl":{"start":{"line":15,"column":36},"end":{"line":15,"column":37}},"loc":{"start":{"line":15,"column":47},"end":{"line":20,"column":9}},"line":15},"3":{"name":"(anonymous_3)","decl":{"start":{"line":27,"column":17},"end":{"line":27,"column":18}},"loc":{"start":{"line":27,"column":37},"end":{"line":62,"column":1}},"line":27},"4":{"name":"(anonymous_4)","decl":{"start":{"line":65,"column":14},"end":{"line":65,"column":15}},"loc":{"start":{"line":65,"column":34},"end":{"line":92,"column":3}},"line":65},"5":{"name":"(anonymous_5)","decl":{"start":{"line":96,"column":21},"end":{"line":96,"column":22}},"loc":{"start":{"line":96,"column":41},"end":{"line":105,"column":1}},"line":96}},"branchMap":{"0":{"loc":{"start":{"line":10,"column":6},"end":{"line":22,"column":9}},"type":"if","locations":[{"start":{"line":10,"column":6},"end":{"line":22,"column":9}},{"start":{},"end":{}}],"line":10},"1":{"loc":{"start":{"line":11,"column":10},"end":{"line":13,"column":11}},"type":"if","locations":[{"start":{"line":11,"column":10},"end":{"line":13,"column":11}},{"start":{},"end":{}}],"line":11},"2":{"loc":{"start":{"line":30,"column":6},"end":{"line":32,"column":7}},"type":"if","locations":[{"start":{"line":30,"column":6},"end":{"line":32,"column":7}},{"start":{},"end":{}}],"line":30},"3":{"loc":{"start":{"line":41,"column":6},"end":{"line":47,"column":7}},"type":"if","locations":[{"start":{"line":41,"column":6},"end":{"line":47,"column":7}},{"start":{"line":45,"column":13},"end":{"line":47,"column":7}}],"line":41},"4":{"loc":{"start":{"line":68,"column":8},"end":{"line":70,"column":9}},"type":"if","locations":[{"start":{"line":68,"column":8},"end":{"line":70,"column":9}},{"start":{},"end":{}}],"line":68},"5":{"loc":{"start":{"line":99,"column":2},"end":{"line":104,"column":3}},"type":"if","locations":[{"start":{"line":99,"column":2},"end":{"line":104,"column":3}},{"start":{"line":101,"column":9},"end":{"line":104,"column":3}}],"line":99}},"s":{"0":5,"1":5,"2":5,"3":5,"4":5,"5":1,"6":1,"7":1,"8":0,"9":1,"10":29,"11":1,"12":5,"13":3,"14":3,"15":3,"16":1,"17":2,"18":2,"19":0,"20":0,"21":0,"22":2,"23":2,"24":2,"25":1,"26":1,"27":5,"28":2,"29":2,"30":2,"31":1,"32":1,"33":1,"34":1,"35":1,"36":1,"37":1,"38":1,"39":1,"40":1,"41":0,"42":5,"43":2,"44":2,"45":1,"46":1,"47":1,"48":5},"f":{"0":1,"1":1,"2":29,"3":3,"4":2,"5":2},"b":{"0":[1,0],"1":[0,1],"2":[1,2],"3":[0,2],"4":[1,1],"5":[1,1]},"_coverageSchema":"1a1c01bbd47fc00a2c39e90264f33305004495a9","hash":"3ab42a7e2b3d75c167fd75a09ad2fa776e40c9ac"}
,"/Users/zakariaaoukaili/Desktop/SW-2023/Backend/controllers/authentication.js": {"path":"/Users/zakariaaoukaili/Desktop/SW-2023/Backend/controllers/authentication.js","statementMap":{"0":{"start":{"line":1,"column":15},"end":{"line":1,"column":42}},"1":{"start":{"line":2,"column":12},"end":{"line":2,"column":35}},"2":{"start":{"line":6,"column":14},"end":{"line":21,"column":1}},"3":{"start":{"line":7,"column":13},"end":{"line":7,"column":65}},"4":{"start":{"line":9,"column":2},"end":{"line":11,"column":3}},"5":{"start":{"line":10,"column":6},"end":{"line":10,"column":83}},"6":{"start":{"line":13,"column":2},"end":{"line":15,"column":3}},"7":{"start":{"line":14,"column":6},"end":{"line":14,"column":87}},"8":{"start":{"line":17,"column":16},"end":{"line":17,"column":60}},"9":{"start":{"line":18,"column":16},"end":{"line":18,"column":34}},"10":{"start":{"line":19,"column":12},"end":{"line":19,"column":49}},"11":{"start":{"line":20,"column":2},"end":{"line":20,"column":173}},"12":{"start":{"line":24,"column":15},"end":{"line":35,"column":1}},"13":{"start":{"line":25,"column":12},"end":{"line":25,"column":41}},"14":{"start":{"line":26,"column":2},"end":{"line":34,"column":3}},"15":{"start":{"line":27,"column":20},"end":{"line":27,"column":22}},"16":{"start":{"line":28,"column":20},"end":{"line":28,"column":34}},"17":{"start":{"line":29,"column":16},"end":{"line":29,"column":53}},"18":{"start":{"line":31,"column":6},"end":{"line":31,"column":79}},"19":{"start":{"line":33,"column":6},"end":{"line":33,"column":88}},"20":{"start":{"line":38,"column":0},"end":{"line":41,"column":2}}},"fnMap":{"0":{"name":"(anonymous_0)","decl":{"start":{"line":6,"column":14},"end":{"line":6,"column":15}},"loc":{"start":{"line":6,"column":38},"end":{"line":21,"column":1}},"line":6},"1":{"name":"(anonymous_1)","decl":{"start":{"line":24,"column":15},"end":{"line":24,"column":16}},"loc":{"start":{"line":24,"column":34},"end":{"line":35,"column":1}},"line":24}},"branchMap":{"0":{"loc":{"start":{"line":9,"column":2},"end":{"line":11,"column":3}},"type":"if","locations":[{"start":{"line":9,"column":2},"end":{"line":11,"column":3}},{"start":{},"end":{}}],"line":9},"1":{"loc":{"start":{"line":13,"column":2},"end":{"line":15,"column":3}},"type":"if","locations":[{"start":{"line":13,"column":2},"end":{"line":15,"column":3}},{"start":{},"end":{}}],"line":13},"2":{"loc":{"start":{"line":26,"column":2},"end":{"line":34,"column":3}},"type":"if","locations":[{"start":{"line":26,"column":2},"end":{"line":34,"column":3}},{"start":{"line":32,"column":9},"end":{"line":34,"column":3}}],"line":26}},"s":{"0":5,"1":5,"2":5,"3":3,"4":3,"5":1,"6":2,"7":1,"8":1,"9":1,"10":1,"11":1,"12":5,"13":2,"14":2,"15":1,"16":1,"17":1,"18":1,"19":1,"20":5},"f":{"0":3,"1":2},"b":{"0":[1,2],"1":[1,1],"2":[1,1]},"_coverageSchema":"1a1c01bbd47fc00a2c39e90264f33305004495a9","hash":"bcf1e9d87d59af5ed93c65729db094a813c36813"}
,"/Users/zakariaaoukaili/Desktop/SW-2023/Backend/controllers/book.js": {"path":"/Users/zakariaaoukaili/Desktop/SW-2023/Backend/controllers/book.js","statementMap":{"0":{"start":{"line":1,"column":14},"end":{"line":1,"column":39}},"1":{"start":{"line":2,"column":16},"end":{"line":2,"column":44}},"2":{"start":{"line":4,"column":20},"end":{"line":21,"column":3}},"3":{"start":{"line":5,"column":4},"end":{"line":20,"column":6}},"4":{"start":{"line":6,"column":8},"end":{"line":19,"column":11}},"5":{"start":{"line":7,"column":12},"end":{"line":9,"column":13}},"6":{"start":{"line":8,"column":16},"end":{"line":8,"column":97}},"7":{"start":{"line":11,"column":27},"end":{"line":17,"column":13}},"8":{"start":{"line":11,"column":46},"end":{"line":17,"column":11}},"9":{"start":{"line":18,"column":10},"end":{"line":18,"column":71}},"10":{"start":{"line":24,"column":23},"end":{"line":33,"column":1}},"11":{"start":{"line":25,"column":16},"end":{"line":25,"column":73}},"12":{"start":{"line":27,"column":4},"end":{"line":32,"column":5}},"13":{"start":{"line":28,"column":8},"end":{"line":28,"column":85}},"14":{"start":{"line":30,"column":8},"end":{"line":30,"column":56}},"15":{"start":{"line":31,"column":8},"end":{"line":31,"column":37}},"16":{"start":{"line":36,"column":22},"end":{"line":68,"column":5}},"17":{"start":{"line":37,"column":16},"end":{"line":37,"column":18}},"18":{"start":{"line":39,"column":4},"end":{"line":50,"column":5}},"19":{"start":{"line":40,"column":8},"end":{"line":40,"column":40}},"20":{"start":{"line":43,"column":9},"end":{"line":50,"column":5}},"21":{"start":{"line":44,"column":8},"end":{"line":44,"column":48}},"22":{"start":{"line":46,"column":9},"end":{"line":50,"column":5}},"23":{"start":{"line":47,"column":8},"end":{"line":47,"column":50}},"24":{"start":{"line":49,"column":8},"end":{"line":49,"column":93}},"25":{"start":{"line":51,"column":16},"end":{"line":51,"column":46}},"26":{"start":{"line":52,"column":18},"end":{"line":52,"column":20}},"27":{"start":{"line":53,"column":4},"end":{"line":63,"column":5}},"28":{"start":{"line":54,"column":82},"end":{"line":54,"column":86}},"29":{"start":{"line":55,"column":8},"end":{"line":62,"column":11}},"30":{"start":{"line":64,"column":4},"end":{"line":67,"column":96}},"31":{"start":{"line":65,"column":8},"end":{"line":65,"column":85}},"32":{"start":{"line":67,"column":8},"end":{"line":67,"column":95}},"33":{"start":{"line":71,"column":19},"end":{"line":107,"column":5}},"34":{"start":{"line":72,"column":8},"end":{"line":106,"column":9}},"35":{"start":{"line":73,"column":24},"end":{"line":73,"column":26}},"36":{"start":{"line":75,"column":12},"end":{"line":83,"column":13}},"37":{"start":{"line":76,"column":16},"end":{"line":76,"column":56}},"38":{"start":{"line":78,"column":17},"end":{"line":83,"column":13}},"39":{"start":{"line":79,"column":16},"end":{"line":79,"column":46}},"40":{"start":{"line":82,"column":16},"end":{"line":82,"column":108}},"41":{"start":{"line":84,"column":23},"end":{"line":84,"column":53}},"42":{"start":{"line":85,"column":12},"end":{"line":103,"column":13}},"43":{"start":{"line":86,"column":16},"end":{"line":86,"column":97}},"44":{"start":{"line":88,"column":30},"end":{"line":88,"column":32}},"45":{"start":{"line":89,"column":16},"end":{"line":101,"column":17}},"46":{"start":{"line":89,"column":29},"end":{"line":89,"column":30}},"47":{"start":{"line":90,"column":33},"end":{"line":90,"column":40}},"48":{"start":{"line":91,"column":36},"end":{"line":99,"column":21}},"49":{"start":{"line":100,"column":20},"end":{"line":100,"column":40}},"50":{"start":{"line":102,"column":16},"end":{"line":102,"column":77}},"51":{"start":{"line":105,"column":12},"end":{"line":105,"column":34}},"52":{"start":{"line":110,"column":0},"end":{"line":115,"column":2}}},"fnMap":{"0":{"name":"(anonymous_0)","decl":{"start":{"line":4,"column":20},"end":{"line":4,"column":21}},"loc":{"start":{"line":4,"column":39},"end":{"line":21,"column":3}},"line":4},"1":{"name":"(anonymous_1)","decl":{"start":{"line":5,"column":18},"end":{"line":5,"column":19}},"loc":{"start":{"line":5,"column":30},"end":{"line":20,"column":5}},"line":5},"2":{"name":"(anonymous_2)","decl":{"start":{"line":11,"column":36},"end":{"line":11,"column":37}},"loc":{"start":{"line":11,"column":46},"end":{"line":17,"column":11}},"line":11},"3":{"name":"(anonymous_3)","decl":{"start":{"line":24,"column":23},"end":{"line":24,"column":24}},"loc":{"start":{"line":24,"column":43},"end":{"line":33,"column":1}},"line":24},"4":{"name":"(anonymous_4)","decl":{"start":{"line":36,"column":22},"end":{"line":36,"column":23}},"loc":{"start":{"line":36,"column":42},"end":{"line":68,"column":5}},"line":36},"5":{"name":"(anonymous_5)","decl":{"start":{"line":71,"column":19},"end":{"line":71,"column":20}},"loc":{"start":{"line":71,"column":39},"end":{"line":107,"column":5}},"line":71}},"branchMap":{"0":{"loc":{"start":{"line":6,"column":8},"end":{"line":19,"column":11}},"type":"if","locations":[{"start":{"line":6,"column":8},"end":{"line":19,"column":11}},{"start":{},"end":{}}],"line":6},"1":{"loc":{"start":{"line":7,"column":12},"end":{"line":9,"column":13}},"type":"if","locations":[{"start":{"line":7,"column":12},"end":{"line":9,"column":13}},{"start":{},"end":{}}],"line":7},"2":{"loc":{"start":{"line":27,"column":4},"end":{"line":32,"column":5}},"type":"if","locations":[{"start":{"line":27,"column":4},"end":{"line":32,"column":5}},{"start":{"line":29,"column":11},"end":{"line":32,"column":5}}],"line":27},"3":{"loc":{"start":{"line":39,"column":4},"end":{"line":50,"column":5}},"type":"if","locations":[{"start":{"line":39,"column":4},"end":{"line":50,"column":5}},{"start":{"line":43,"column":9},"end":{"line":50,"column":5}}],"line":39},"4":{"loc":{"start":{"line":43,"column":9},"end":{"line":50,"column":5}},"type":"if","locations":[{"start":{"line":43,"column":9},"end":{"line":50,"column":5}},{"start":{"line":46,"column":9},"end":{"line":50,"column":5}}],"line":43},"5":{"loc":{"start":{"line":46,"column":9},"end":{"line":50,"column":5}},"type":"if","locations":[{"start":{"line":46,"column":9},"end":{"line":50,"column":5}},{"start":{"line":48,"column":10},"end":{"line":50,"column":5}}],"line":46},"6":{"loc":{"start":{"line":64,"column":4},"end":{"line":67,"column":96}},"type":"if","locations":[{"start":{"line":64,"column":4},"end":{"line":67,"column":96}},{"start":{"line":66,"column":11},"end":{"line":67,"column":96}}],"line":64},"7":{"loc":{"start":{"line":75,"column":12},"end":{"line":83,"column":13}},"type":"if","locations":[{"start":{"line":75,"column":12},"end":{"line":83,"column":13}},{"start":{"line":78,"column":17},"end":{"line":83,"column":13}}],"line":75},"8":{"loc":{"start":{"line":78,"column":17},"end":{"line":83,"column":13}},"type":"if","locations":[{"start":{"line":78,"column":17},"end":{"line":83,"column":13}},{"start":{"line":81,"column":17},"end":{"line":83,"column":13}}],"line":78},"9":{"loc":{"start":{"line":85,"column":12},"end":{"line":103,"column":13}},"type":"if","locations":[{"start":{"line":85,"column":12},"end":{"line":103,"column":13}},{"start":{"line":87,"column":19},"end":{"line":103,"column":13}}],"line":85}},"s":{"0":5,"1":5,"2":5,"3":1,"4":1,"5":1,"6":0,"7":1,"8":24,"9":1,"10":5,"11":2,"12":2,"13":1,"14":1,"15":1,"16":5,"17":7,"18":7,"19":2,"20":5,"21":2,"22":3,"23":2,"24":1,"25":6,"26":6,"27":6,"28":9,"29":9,"30":6,"31":3,"32":3,"33":5,"34":4,"35":4,"36":4,"37":1,"38":3,"39":2,"40":1,"41":3,"42":3,"43":1,"44":2,"45":2,"46":2,"47":7,"48":7,"49":7,"50":2,"51":0,"52":5},"f":{"0":1,"1":1,"2":24,"3":2,"4":7,"5":4},"b":{"0":[1,0],"1":[0,1],"2":[1,1],"3":[2,5],"4":[2,3],"5":[2,1],"6":[3,3],"7":[1,3],"8":[2,1],"9":[1,2]},"_coverageSchema":"1a1c01bbd47fc00a2c39e90264f33305004495a9","hash":"fc1a2070317b394426556354685c7e25850496df"}
,"/Users/zakariaaoukaili/Desktop/SW-2023/Backend/controllers/disponibilita.js": {"path":"/Users/zakariaaoukaili/Desktop/SW-2023/Backend/controllers/disponibilita.js","statementMap":{"0":{"start":{"line":1,"column":14},"end":{"line":1,"column":39}},"1":{"start":{"line":2,"column":15},"end":{"line":2,"column":42}},"2":{"start":{"line":5,"column":28},"end":{"line":45,"column":1}},"3":{"start":{"line":7,"column":17},"end":{"line":7,"column":73}},"4":{"start":{"line":8,"column":17},"end":{"line":8,"column":70}},"5":{"start":{"line":10,"column":6},"end":{"line":12,"column":7}},"6":{"start":{"line":11,"column":10},"end":{"line":11,"column":88}},"7":{"start":{"line":13,"column":6},"end":{"line":15,"column":7}},"8":{"start":{"line":14,"column":8},"end":{"line":14,"column":87}},"9":{"start":{"line":18,"column":6},"end":{"line":23,"column":9}},"10":{"start":{"line":27,"column":23},"end":{"line":27,"column":57}},"11":{"start":{"line":30,"column":8},"end":{"line":32,"column":9}},"12":{"start":{"line":31,"column":12},"end":{"line":31,"column":36}},"13":{"start":{"line":35,"column":8},"end":{"line":35,"column":21}},"14":{"start":{"line":38,"column":6},"end":{"line":43,"column":7}},"15":{"start":{"line":44,"column":4},"end":{"line":44,"column":87}},"16":{"start":{"line":47,"column":0},"end":{"line":49,"column":1}}},"fnMap":{"0":{"name":"(anonymous_0)","decl":{"start":{"line":5,"column":28},"end":{"line":5,"column":29}},"loc":{"start":{"line":5,"column":48},"end":{"line":45,"column":1}},"line":5},"1":{"name":"rimuoviElemento","decl":{"start":{"line":25,"column":15},"end":{"line":25,"column":30}},"loc":{"start":{"line":25,"column":59},"end":{"line":36,"column":5}},"line":25}},"branchMap":{"0":{"loc":{"start":{"line":10,"column":6},"end":{"line":12,"column":7}},"type":"if","locations":[{"start":{"line":10,"column":6},"end":{"line":12,"column":7}},{"start":{},"end":{}}],"line":10},"1":{"loc":{"start":{"line":13,"column":6},"end":{"line":15,"column":7}},"type":"if","locations":[{"start":{"line":13,"column":6},"end":{"line":15,"column":7}},{"start":{},"end":{}}],"line":13},"2":{"loc":{"start":{"line":30,"column":8},"end":{"line":32,"column":9}},"type":"if","locations":[{"start":{"line":30,"column":8},"end":{"line":32,"column":9}},{"start":{},"end":{}}],"line":30}},"s":{"0":5,"1":5,"2":5,"3":4,"4":4,"5":4,"6":1,"7":3,"8":1,"9":2,"10":2,"11":2,"12":1,"13":2,"14":2,"15":2,"16":5},"f":{"0":4,"1":2},"b":{"0":[1,3],"1":[1,2],"2":[1,1]},"_coverageSchema":"1a1c01bbd47fc00a2c39e90264f33305004495a9","hash":"8b958f92e621c609687b855b2e0fb70b8142d289"}
,"/Users/zakariaaoukaili/Desktop/SW-2023/Backend/controllers/utente.js": {"path":"/Users/zakariaaoukaili/Desktop/SW-2023/Backend/controllers/utente.js","statementMap":{"0":{"start":{"line":1,"column":15},"end":{"line":1,"column":42}},"1":{"start":{"line":2,"column":14},"end":{"line":2,"column":39}},"2":{"start":{"line":3,"column":16},"end":{"line":3,"column":44}},"3":{"start":{"line":4,"column":12},"end":{"line":4,"column":42}},"4":{"start":{"line":5,"column":21},"end":{"line":5,"column":54}},"5":{"start":{"line":6,"column":15},"end":{"line":6,"column":41}},"6":{"start":{"line":7,"column":20},"end":{"line":7,"column":38}},"7":{"start":{"line":10,"column":15},"end":{"line":56,"column":1}},"8":{"start":{"line":11,"column":4},"end":{"line":55,"column":6}},"9":{"start":{"line":12,"column":8},"end":{"line":54,"column":9}},"10":{"start":{"line":13,"column":12},"end":{"line":50,"column":13}},"11":{"start":{"line":19,"column":18},"end":{"line":26,"column":19}},"12":{"start":{"line":20,"column":35},"end":{"line":20,"column":71}},"13":{"start":{"line":21,"column":20},"end":{"line":21,"column":34}},"14":{"start":{"line":22,"column":20},"end":{"line":22,"column":29}},"15":{"start":{"line":25,"column":20},"end":{"line":25,"column":34}},"16":{"start":{"line":27,"column":36},"end":{"line":33,"column":20}},"17":{"start":{"line":35,"column":16},"end":{"line":38,"column":17}},"18":{"start":{"line":36,"column":20},"end":{"line":36,"column":72}},"19":{"start":{"line":37,"column":20},"end":{"line":37,"column":27}},"20":{"start":{"line":39,"column":16},"end":{"line":43,"column":17}},"21":{"start":{"line":40,"column":20},"end":{"line":40,"column":75}},"22":{"start":{"line":41,"column":20},"end":{"line":41,"column":27}},"23":{"start":{"line":45,"column":16},"end":{"line":48,"column":18}},"24":{"start":{"line":46,"column":20},"end":{"line":46,"column":88}},"25":{"start":{"line":46,"column":29},"end":{"line":46,"column":88}},"26":{"start":{"line":47,"column":20},"end":{"line":47,"column":111}},"27":{"start":{"line":53,"column":12},"end":{"line":53,"column":107}},"28":{"start":{"line":59,"column":16},"end":{"line":59,"column":26}},"29":{"start":{"line":64,"column":4},"end":{"line":64,"column":19}},"30":{"start":{"line":66,"column":4},"end":{"line":70,"column":5}},"31":{"start":{"line":67,"column":8},"end":{"line":67,"column":21}},"32":{"start":{"line":69,"column":8},"end":{"line":69,"column":20}},"33":{"start":{"line":74,"column":18},"end":{"line":96,"column":5}},"34":{"start":{"line":75,"column":17},"end":{"line":75,"column":68}},"35":{"start":{"line":76,"column":4},"end":{"line":78,"column":5}},"36":{"start":{"line":77,"column":8},"end":{"line":77,"column":85}},"37":{"start":{"line":79,"column":28},"end":{"line":83,"column":6}},"38":{"start":{"line":85,"column":4},"end":{"line":87,"column":4}},"39":{"start":{"line":86,"column":8},"end":{"line":86,"column":84}},"40":{"start":{"line":89,"column":8},"end":{"line":95,"column":10}},"41":{"start":{"line":90,"column":12},"end":{"line":94,"column":13}},"42":{"start":{"line":91,"column":16},"end":{"line":91,"column":90}},"43":{"start":{"line":93,"column":16},"end":{"line":93,"column":98}},"44":{"start":{"line":99,"column":18},"end":{"line":108,"column":1}},"45":{"start":{"line":100,"column":16},"end":{"line":100,"column":74}},"46":{"start":{"line":102,"column":4},"end":{"line":107,"column":5}},"47":{"start":{"line":103,"column":8},"end":{"line":103,"column":92}},"48":{"start":{"line":105,"column":8},"end":{"line":105,"column":57}},"49":{"start":{"line":106,"column":8},"end":{"line":106,"column":103}},"50":{"start":{"line":111,"column":17},"end":{"line":143,"column":1}},"51":{"start":{"line":112,"column":4},"end":{"line":142,"column":5}},"52":{"start":{"line":113,"column":19},"end":{"line":113,"column":72}},"53":{"start":{"line":115,"column":8},"end":{"line":117,"column":9}},"54":{"start":{"line":116,"column":12},"end":{"line":116,"column":91}},"55":{"start":{"line":119,"column":20},"end":{"line":119,"column":22}},"56":{"start":{"line":120,"column":16},"end":{"line":122,"column":9}},"57":{"start":{"line":123,"column":8},"end":{"line":137,"column":9}},"58":{"start":{"line":123,"column":21},"end":{"line":123,"column":22}},"59":{"start":{"line":124,"column":26},"end":{"line":124,"column":47}},"60":{"start":{"line":125,"column":22},"end":{"line":125,"column":72}},"61":{"start":{"line":127,"column":20},"end":{"line":134,"column":13}},"62":{"start":{"line":136,"column":12},"end":{"line":136,"column":26}},"63":{"start":{"line":139,"column":8},"end":{"line":139,"column":46}},"64":{"start":{"line":141,"column":8},"end":{"line":141,"column":86}},"65":{"start":{"line":146,"column":20},"end":{"line":201,"column":1}},"66":{"start":{"line":147,"column":4},"end":{"line":200,"column":5}},"67":{"start":{"line":149,"column":19},"end":{"line":149,"column":71}},"68":{"start":{"line":150,"column":19},"end":{"line":150,"column":72}},"69":{"start":{"line":153,"column":31},"end":{"line":153,"column":41}},"70":{"start":{"line":154,"column":8},"end":{"line":154,"column":67}},"71":{"start":{"line":156,"column":17},"end":{"line":156,"column":68}},"72":{"start":{"line":157,"column":17},"end":{"line":157,"column":73}},"73":{"start":{"line":158,"column":19},"end":{"line":158,"column":49}},"74":{"start":{"line":160,"column":8},"end":{"line":160,"column":54}},"75":{"start":{"line":162,"column":8},"end":{"line":164,"column":9}},"76":{"start":{"line":163,"column":12},"end":{"line":163,"column":90}},"77":{"start":{"line":166,"column":8},"end":{"line":170,"column":9}},"78":{"start":{"line":167,"column":12},"end":{"line":167,"column":91}},"79":{"start":{"line":168,"column":14},"end":{"line":170,"column":9}},"80":{"start":{"line":169,"column":12},"end":{"line":169,"column":116}},"81":{"start":{"line":172,"column":8},"end":{"line":197,"column":5}},"82":{"start":{"line":173,"column":12},"end":{"line":173,"column":94}},"83":{"start":{"line":177,"column":12},"end":{"line":180,"column":13}},"84":{"start":{"line":181,"column":12},"end":{"line":181,"column":49}},"85":{"start":{"line":183,"column":12},"end":{"line":188,"column":11}},"86":{"start":{"line":189,"column":12},"end":{"line":194,"column":11}},"87":{"start":{"line":196,"column":8},"end":{"line":196,"column":82}},"88":{"start":{"line":199,"column":8},"end":{"line":199,"column":94}},"89":{"start":{"line":204,"column":17},"end":{"line":213,"column":1}},"90":{"start":{"line":205,"column":16},"end":{"line":205,"column":63}},"91":{"start":{"line":207,"column":4},"end":{"line":212,"column":5}},"92":{"start":{"line":208,"column":8},"end":{"line":208,"column":92}},"93":{"start":{"line":211,"column":8},"end":{"line":211,"column":87}},"94":{"start":{"line":216,"column":24},"end":{"line":224,"column":1}},"95":{"start":{"line":217,"column":22},"end":{"line":217,"column":76}},"96":{"start":{"line":218,"column":4},"end":{"line":223,"column":5}},"97":{"start":{"line":219,"column":8},"end":{"line":219,"column":93}},"98":{"start":{"line":222,"column":8},"end":{"line":222,"column":101}},"99":{"start":{"line":226,"column":0},"end":{"line":234,"column":2}}},"fnMap":{"0":{"name":"(anonymous_0)","decl":{"start":{"line":10,"column":15},"end":{"line":10,"column":16}},"loc":{"start":{"line":10,"column":35},"end":{"line":56,"column":1}},"line":10},"1":{"name":"(anonymous_1)","decl":{"start":{"line":11,"column":42},"end":{"line":11,"column":43}},"loc":{"start":{"line":11,"column":57},"end":{"line":55,"column":5}},"line":11},"2":{"name":"(anonymous_2)","decl":{"start":{"line":16,"column":29},"end":{"line":16,"column":30}},"loc":{"start":{"line":16,"column":42},"end":{"line":49,"column":17}},"line":16},"3":{"name":"(anonymous_3)","decl":{"start":{"line":45,"column":31},"end":{"line":45,"column":32}},"loc":{"start":{"line":45,"column":46},"end":{"line":48,"column":17}},"line":45},"4":{"name":"compareDates","decl":{"start":{"line":58,"column":9},"end":{"line":58,"column":21}},"loc":{"start":{"line":58,"column":24},"end":{"line":71,"column":1}},"line":58},"5":{"name":"(anonymous_5)","decl":{"start":{"line":74,"column":18},"end":{"line":74,"column":19}},"loc":{"start":{"line":74,"column":37},"end":{"line":96,"column":5}},"line":74},"6":{"name":"(anonymous_6)","decl":{"start":{"line":89,"column":29},"end":{"line":89,"column":30}},"loc":{"start":{"line":89,"column":41},"end":{"line":95,"column":9}},"line":89},"7":{"name":"(anonymous_7)","decl":{"start":{"line":99,"column":18},"end":{"line":99,"column":19}},"loc":{"start":{"line":99,"column":38},"end":{"line":108,"column":1}},"line":99},"8":{"name":"(anonymous_8)","decl":{"start":{"line":111,"column":17},"end":{"line":111,"column":18}},"loc":{"start":{"line":111,"column":37},"end":{"line":143,"column":1}},"line":111},"9":{"name":"(anonymous_9)","decl":{"start":{"line":146,"column":20},"end":{"line":146,"column":21}},"loc":{"start":{"line":146,"column":40},"end":{"line":201,"column":1}},"line":146},"10":{"name":"(anonymous_10)","decl":{"start":{"line":204,"column":17},"end":{"line":204,"column":18}},"loc":{"start":{"line":204,"column":37},"end":{"line":213,"column":1}},"line":204},"11":{"name":"(anonymous_11)","decl":{"start":{"line":216,"column":24},"end":{"line":216,"column":25}},"loc":{"start":{"line":216,"column":44},"end":{"line":224,"column":1}},"line":216}},"branchMap":{"0":{"loc":{"start":{"line":12,"column":8},"end":{"line":54,"column":9}},"type":"if","locations":[{"start":{"line":12,"column":8},"end":{"line":54,"column":9}},{"start":{"line":52,"column":13},"end":{"line":54,"column":9}}],"line":12},"1":{"loc":{"start":{"line":19,"column":18},"end":{"line":26,"column":19}},"type":"if","locations":[{"start":{"line":19,"column":18},"end":{"line":26,"column":19}},{"start":{"line":24,"column":22},"end":{"line":26,"column":19}}],"line":19},"2":{"loc":{"start":{"line":35,"column":16},"end":{"line":38,"column":17}},"type":"if","locations":[{"start":{"line":35,"column":16},"end":{"line":38,"column":17}},{"start":{},"end":{}}],"line":35},"3":{"loc":{"start":{"line":39,"column":16},"end":{"line":43,"column":17}},"type":"if","locations":[{"start":{"line":39,"column":16},"end":{"line":43,"column":17}},{"start":{},"end":{}}],"line":39},"4":{"loc":{"start":{"line":46,"column":20},"end":{"line":46,"column":88}},"type":"if","locations":[{"start":{"line":46,"column":20},"end":{"line":46,"column":88}},{"start":{},"end":{}}],"line":46},"5":{"loc":{"start":{"line":66,"column":4},"end":{"line":70,"column":5}},"type":"if","locations":[{"start":{"line":66,"column":4},"end":{"line":70,"column":5}},{"start":{"line":68,"column":11},"end":{"line":70,"column":5}}],"line":66},"6":{"loc":{"start":{"line":76,"column":4},"end":{"line":78,"column":5}},"type":"if","locations":[{"start":{"line":76,"column":4},"end":{"line":78,"column":5}},{"start":{},"end":{}}],"line":76},"7":{"loc":{"start":{"line":85,"column":4},"end":{"line":87,"column":4}},"type":"if","locations":[{"start":{"line":85,"column":4},"end":{"line":87,"column":4}},{"start":{},"end":{}}],"line":85},"8":{"loc":{"start":{"line":90,"column":12},"end":{"line":94,"column":13}},"type":"if","locations":[{"start":{"line":90,"column":12},"end":{"line":94,"column":13}},{"start":{"line":92,"column":19},"end":{"line":94,"column":13}}],"line":90},"9":{"loc":{"start":{"line":102,"column":4},"end":{"line":107,"column":5}},"type":"if","locations":[{"start":{"line":102,"column":4},"end":{"line":107,"column":5}},{"start":{"line":104,"column":11},"end":{"line":107,"column":5}}],"line":102},"10":{"loc":{"start":{"line":115,"column":8},"end":{"line":117,"column":9}},"type":"if","locations":[{"start":{"line":115,"column":8},"end":{"line":117,"column":9}},{"start":{},"end":{}}],"line":115},"11":{"loc":{"start":{"line":162,"column":8},"end":{"line":164,"column":9}},"type":"if","locations":[{"start":{"line":162,"column":8},"end":{"line":164,"column":9}},{"start":{},"end":{}}],"line":162},"12":{"loc":{"start":{"line":166,"column":8},"end":{"line":170,"column":9}},"type":"if","locations":[{"start":{"line":166,"column":8},"end":{"line":170,"column":9}},{"start":{"line":168,"column":14},"end":{"line":170,"column":9}}],"line":166},"13":{"loc":{"start":{"line":168,"column":14},"end":{"line":170,"column":9}},"type":"if","locations":[{"start":{"line":168,"column":14},"end":{"line":170,"column":9}},{"start":{},"end":{}}],"line":168},"14":{"loc":{"start":{"line":172,"column":8},"end":{"line":197,"column":5}},"type":"if","locations":[{"start":{"line":172,"column":8},"end":{"line":197,"column":5}},{"start":{"line":176,"column":13},"end":{"line":197,"column":5}}],"line":172},"15":{"loc":{"start":{"line":207,"column":4},"end":{"line":212,"column":5}},"type":"if","locations":[{"start":{"line":207,"column":4},"end":{"line":212,"column":5}},{"start":{"line":210,"column":8},"end":{"line":212,"column":5}}],"line":207},"16":{"loc":{"start":{"line":218,"column":4},"end":{"line":223,"column":5}},"type":"if","locations":[{"start":{"line":218,"column":4},"end":{"line":223,"column":5}},{"start":{"line":221,"column":8},"end":{"line":223,"column":5}}],"line":218},"17":{"loc":{"start":{"line":218,"column":7},"end":{"line":218,"column":46}},"type":"binary-expr","locations":[{"start":{"line":218,"column":7},"end":{"line":218,"column":19}},{"start":{"line":218,"column":22},"end":{"line":218,"column":46}}],"line":218}},"s":{"0":5,"1":5,"2":5,"3":5,"4":5,"5":5,"6":5,"7":5,"8":6,"9":6,"10":5,"11":5,"12":0,"13":0,"14":0,"15":5,"16":5,"17":5,"18":1,"19":1,"20":4,"21":2,"22":2,"23":2,"24":2,"25":1,"26":1,"27":1,"28":3,"29":3,"30":3,"31":1,"32":2,"33":5,"34":4,"35":4,"36":1,"37":3,"38":3,"39":1,"40":2,"41":2,"42":1,"43":1,"44":5,"45":2,"46":2,"47":1,"48":1,"49":1,"50":5,"51":3,"52":3,"53":3,"54":1,"55":2,"56":2,"57":2,"58":2,"59":4,"60":4,"61":4,"62":4,"63":2,"64":0,"65":5,"66":6,"67":6,"68":6,"69":6,"70":6,"71":6,"72":6,"73":6,"74":6,"75":6,"76":2,"77":4,"78":1,"79":3,"80":1,"81":2,"82":1,"83":1,"84":1,"85":1,"86":1,"87":1,"88":0,"89":5,"90":2,"91":2,"92":1,"93":1,"94":5,"95":2,"96":2,"97":1,"98":1,"99":5},"f":{"0":6,"1":6,"2":5,"3":2,"4":3,"5":4,"6":2,"7":2,"8":3,"9":6,"10":2,"11":2},"b":{"0":[5,1],"1":[0,5],"2":[1,4],"3":[2,2],"4":[1,1],"5":[1,2],"6":[1,3],"7":[1,2],"8":[1,1],"9":[1,1],"10":[1,2],"11":[2,4],"12":[1,3],"13":[1,2],"14":[1,1],"15":[1,1],"16":[1,1],"17":[2,2]},"_coverageSchema":"1a1c01bbd47fc00a2c39e90264f33305004495a9","hash":"639984ccd841a100b4d0fcacd38e9c1b88c1277e"}
,"/Users/zakariaaoukaili/Desktop/SW-2023/Backend/models/appuntamento.js": {"path":"/Users/zakariaaoukaili/Desktop/SW-2023/Backend/models/appuntamento.js","statementMap":{"0":{"start":{"line":1,"column":17},"end":{"line":1,"column":37}},"1":{"start":{"line":3,"column":15},"end":{"line":7,"column":2}},"2":{"start":{"line":9,"column":21},"end":{"line":9,"column":59}},"3":{"start":{"line":10,"column":0},"end":{"line":10,"column":30}}},"fnMap":{},"branchMap":{},"s":{"0":5,"1":5,"2":5,"3":5},"f":{},"b":{},"_coverageSchema":"1a1c01bbd47fc00a2c39e90264f33305004495a9","hash":"dda9fcd16c477c571b46a6270e330c491d5e5ee0"}
,"/Users/zakariaaoukaili/Desktop/SW-2023/Backend/models/book.js": {"path":"/Users/zakariaaoukaili/Desktop/SW-2023/Backend/models/book.js","statementMap":{"0":{"start":{"line":1,"column":17},"end":{"line":1,"column":37}},"1":{"start":{"line":4,"column":15},"end":{"line":12,"column":2}},"2":{"start":{"line":14,"column":14},"end":{"line":14,"column":45}},"3":{"start":{"line":15,"column":0},"end":{"line":15,"column":23}}},"fnMap":{},"branchMap":{},"s":{"0":5,"1":5,"2":5,"3":5},"f":{},"b":{},"_coverageSchema":"1a1c01bbd47fc00a2c39e90264f33305004495a9","hash":"6fb51aed6874516a3de46096302ac26281399566"}
,"/Users/zakariaaoukaili/Desktop/SW-2023/Backend/models/counter.js": {"path":"/Users/zakariaaoukaili/Desktop/SW-2023/Backend/models/counter.js","statementMap":{"0":{"start":{"line":1,"column":17},"end":{"line":1,"column":37}},"1":{"start":{"line":3,"column":15},"end":{"line":6,"column":2}},"2":{"start":{"line":8,"column":16},"end":{"line":8,"column":49}},"3":{"start":{"line":9,"column":0},"end":{"line":9,"column":25}}},"fnMap":{},"branchMap":{},"s":{"0":5,"1":5,"2":5,"3":5},"f":{},"b":{},"_coverageSchema":"1a1c01bbd47fc00a2c39e90264f33305004495a9","hash":"9a77cbec640466511970178d5f025a2705afda7f"}
,"/Users/zakariaaoukaili/Desktop/SW-2023/Backend/models/multa.js": {"path":"/Users/zakariaaoukaili/Desktop/SW-2023/Backend/models/multa.js","statementMap":{"0":{"start":{"line":2,"column":17},"end":{"line":2,"column":37}},"1":{"start":{"line":4,"column":15},"end":{"line":8,"column":2}},"2":{"start":{"line":10,"column":14},"end":{"line":10,"column":45}},"3":{"start":{"line":11,"column":0},"end":{"line":11,"column":23}}},"fnMap":{},"branchMap":{},"s":{"0":5,"1":5,"2":5,"3":5},"f":{},"b":{},"_coverageSchema":"1a1c01bbd47fc00a2c39e90264f33305004495a9","hash":"e18f2ce7afb73c7e919a7452a8822b990b2f1ea0"}
,"/Users/zakariaaoukaili/Desktop/SW-2023/Backend/models/utente.js": {"path":"/Users/zakariaaoukaili/Desktop/SW-2023/Backend/models/utente.js","statementMap":{"0":{"start":{"line":1,"column":17},"end":{"line":1,"column":37}},"1":{"start":{"line":3,"column":15},"end":{"line":11,"column":2}},"2":{"start":{"line":13,"column":15},"end":{"line":13,"column":47}},"3":{"start":{"line":14,"column":0},"end":{"line":14,"column":24}}},"fnMap":{},"branchMap":{},"s":{"0":5,"1":5,"2":5,"3":5},"f":{},"b":{},"_coverageSchema":"1a1c01bbd47fc00a2c39e90264f33305004495a9","hash":"ff3cdf26c85224e7eda51d8f3228b19640571bce"}
,"/Users/zakariaaoukaili/Desktop/SW-2023/Backend/routes/Filter.js": {"path":"/Users/zakariaaoukaili/Desktop/SW-2023/Backend/routes/Filter.js","statementMap":{"0":{"start":{"line":1,"column":16},"end":{"line":1,"column":34}},"1":{"start":{"line":3,"column":15},"end":{"line":3,"column":32}},"2":{"start":{"line":4,"column":15},"end":{"line":4,"column":23}},"3":{"start":{"line":6,"column":21},"end":{"line":6,"column":37}},"4":{"start":{"line":7,"column":24},"end":{"line":7,"column":54}},"5":{"start":{"line":9,"column":0},"end":{"line":9,"column":47}},"6":{"start":{"line":12,"column":0},"end":{"line":12,"column":30}}},"fnMap":{},"branchMap":{},"s":{"0":5,"1":5,"2":5,"3":5,"4":5,"5":5,"6":5},"f":{},"b":{},"_coverageSchema":"1a1c01bbd47fc00a2c39e90264f33305004495a9","hash":"29cc795fe95b660343c480805a694d366b4b7724"}
,"/Users/zakariaaoukaili/Desktop/SW-2023/Backend/routes/deleteApp.js": {"path":"/Users/zakariaaoukaili/Desktop/SW-2023/Backend/routes/deleteApp.js","statementMap":{"0":{"start":{"line":1,"column":16},"end":{"line":1,"column":34}},"1":{"start":{"line":3,"column":15},"end":{"line":3,"column":32}},"2":{"start":{"line":4,"column":15},"end":{"line":4,"column":23}},"3":{"start":{"line":6,"column":19},"end":{"line":6,"column":35}},"4":{"start":{"line":7,"column":22},"end":{"line":7,"column":54}},"5":{"start":{"line":10,"column":0},"end":{"line":10,"column":48}},"6":{"start":{"line":12,"column":0},"end":{"line":12,"column":27}}},"fnMap":{},"branchMap":{},"s":{"0":5,"1":5,"2":5,"3":5,"4":5,"5":5,"6":5},"f":{},"b":{},"_coverageSchema":"1a1c01bbd47fc00a2c39e90264f33305004495a9","hash":"7d276a7e6b2d7a6efbd1818f45d30fb2de4383f6"}
,"/Users/zakariaaoukaili/Desktop/SW-2023/Backend/routes/deleteLibro.js": {"path":"/Users/zakariaaoukaili/Desktop/SW-2023/Backend/routes/deleteLibro.js","statementMap":{"0":{"start":{"line":1,"column":16},"end":{"line":1,"column":34}},"1":{"start":{"line":3,"column":15},"end":{"line":3,"column":32}},"2":{"start":{"line":4,"column":15},"end":{"line":4,"column":23}},"3":{"start":{"line":6,"column":21},"end":{"line":6,"column":37}},"4":{"start":{"line":7,"column":24},"end":{"line":7,"column":54}},"5":{"start":{"line":9,"column":0},"end":{"line":9,"column":57}},"6":{"start":{"line":12,"column":0},"end":{"line":12,"column":29}}},"fnMap":{},"branchMap":{},"s":{"0":5,"1":5,"2":5,"3":5,"4":5,"5":5,"6":5},"f":{},"b":{},"_coverageSchema":"1a1c01bbd47fc00a2c39e90264f33305004495a9","hash":"f3e3e736eabb939c78663c92bf0d88d238b0593d"}
,"/Users/zakariaaoukaili/Desktop/SW-2023/Backend/routes/deleteUtente.js": {"path":"/Users/zakariaaoukaili/Desktop/SW-2023/Backend/routes/deleteUtente.js","statementMap":{"0":{"start":{"line":1,"column":16},"end":{"line":1,"column":34}},"1":{"start":{"line":3,"column":15},"end":{"line":3,"column":32}},"2":{"start":{"line":4,"column":15},"end":{"line":4,"column":23}},"3":{"start":{"line":6,"column":21},"end":{"line":6,"column":37}},"4":{"start":{"line":7,"column":24},"end":{"line":7,"column":55}},"5":{"start":{"line":9,"column":0},"end":{"line":9,"column":55}},"6":{"start":{"line":12,"column":0},"end":{"line":12,"column":29}}},"fnMap":{},"branchMap":{},"s":{"0":5,"1":5,"2":5,"3":5,"4":5,"5":5,"6":5},"f":{},"b":{},"_coverageSchema":"1a1c01bbd47fc00a2c39e90264f33305004495a9","hash":"15ded2d55b7f688d42b403888a53f89146d52501"}
,"/Users/zakariaaoukaili/Desktop/SW-2023/Backend/routes/getAllBooks.js": {"path":"/Users/zakariaaoukaili/Desktop/SW-2023/Backend/routes/getAllBooks.js","statementMap":{"0":{"start":{"line":1,"column":16},"end":{"line":1,"column":34}},"1":{"start":{"line":3,"column":15},"end":{"line":3,"column":32}},"2":{"start":{"line":4,"column":15},"end":{"line":4,"column":23}},"3":{"start":{"line":6,"column":19},"end":{"line":6,"column":35}},"4":{"start":{"line":7,"column":22},"end":{"line":7,"column":52}},"5":{"start":{"line":9,"column":0},"end":{"line":9,"column":47}},"6":{"start":{"line":11,"column":0},"end":{"line":11,"column":27}}},"fnMap":{},"branchMap":{},"s":{"0":5,"1":5,"2":5,"3":5,"4":5,"5":5,"6":5},"f":{},"b":{},"_coverageSchema":"1a1c01bbd47fc00a2c39e90264f33305004495a9","hash":"42c4a1a07941af81d454357501a98a8f4dd6fc3e"}
,"/Users/zakariaaoukaili/Desktop/SW-2023/Backend/routes/getAllusers.js": {"path":"/Users/zakariaaoukaili/Desktop/SW-2023/Backend/routes/getAllusers.js","statementMap":{"0":{"start":{"line":1,"column":16},"end":{"line":1,"column":34}},"1":{"start":{"line":3,"column":15},"end":{"line":3,"column":32}},"2":{"start":{"line":4,"column":15},"end":{"line":4,"column":23}},"3":{"start":{"line":6,"column":19},"end":{"line":6,"column":35}},"4":{"start":{"line":7,"column":22},"end":{"line":7,"column":53}},"5":{"start":{"line":9,"column":0},"end":{"line":9,"column":47}},"6":{"start":{"line":11,"column":0},"end":{"line":11,"column":27}}},"fnMap":{},"branchMap":{},"s":{"0":5,"1":5,"2":5,"3":5,"4":5,"5":5,"6":5},"f":{},"b":{},"_coverageSchema":"1a1c01bbd47fc00a2c39e90264f33305004495a9","hash":"8920ee569d29d508e70624e61804db1439a02d59"}
,"/Users/zakariaaoukaili/Desktop/SW-2023/Backend/routes/getApp.js": {"path":"/Users/zakariaaoukaili/Desktop/SW-2023/Backend/routes/getApp.js","statementMap":{"0":{"start":{"line":1,"column":16},"end":{"line":1,"column":34}},"1":{"start":{"line":3,"column":15},"end":{"line":3,"column":32}},"2":{"start":{"line":4,"column":15},"end":{"line":4,"column":23}},"3":{"start":{"line":6,"column":20},"end":{"line":6,"column":36}},"4":{"start":{"line":7,"column":24},"end":{"line":7,"column":56}},"5":{"start":{"line":9,"column":0},"end":{"line":9,"column":55}},"6":{"start":{"line":12,"column":0},"end":{"line":12,"column":29}}},"fnMap":{},"branchMap":{},"s":{"0":5,"1":5,"2":5,"3":5,"4":5,"5":5,"6":5},"f":{},"b":{},"_coverageSchema":"1a1c01bbd47fc00a2c39e90264f33305004495a9","hash":"b8af8a0f4eb532043f7f695450bdcd0fb1c55298"}
,"/Users/zakariaaoukaili/Desktop/SW-2023/Backend/routes/getBooks.js": {"path":"/Users/zakariaaoukaili/Desktop/SW-2023/Backend/routes/getBooks.js","statementMap":{"0":{"start":{"line":1,"column":16},"end":{"line":1,"column":34}},"1":{"start":{"line":3,"column":15},"end":{"line":3,"column":32}},"2":{"start":{"line":4,"column":15},"end":{"line":4,"column":23}},"3":{"start":{"line":6,"column":21},"end":{"line":6,"column":37}},"4":{"start":{"line":7,"column":24},"end":{"line":7,"column":56}},"5":{"start":{"line":9,"column":0},"end":{"line":9,"column":49}},"6":{"start":{"line":12,"column":0},"end":{"line":12,"column":30}}},"fnMap":{},"branchMap":{},"s":{"0":5,"1":5,"2":5,"3":5,"4":5,"5":5,"6":5},"f":{},"b":{},"_coverageSchema":"1a1c01bbd47fc00a2c39e90264f33305004495a9","hash":"ded410ccd945102738b81c5d084fe9564bcb49e6"}
,"/Users/zakariaaoukaili/Desktop/SW-2023/Backend/routes/getLibro.js": {"path":"/Users/zakariaaoukaili/Desktop/SW-2023/Backend/routes/getLibro.js","statementMap":{"0":{"start":{"line":1,"column":16},"end":{"line":1,"column":34}},"1":{"start":{"line":3,"column":15},"end":{"line":3,"column":32}},"2":{"start":{"line":4,"column":15},"end":{"line":4,"column":23}},"3":{"start":{"line":6,"column":21},"end":{"line":6,"column":37}},"4":{"start":{"line":7,"column":24},"end":{"line":7,"column":54}},"5":{"start":{"line":9,"column":0},"end":{"line":9,"column":54}},"6":{"start":{"line":12,"column":0},"end":{"line":12,"column":30}}},"fnMap":{},"branchMap":{},"s":{"0":5,"1":5,"2":5,"3":5,"4":5,"5":5,"6":5},"f":{},"b":{},"_coverageSchema":"1a1c01bbd47fc00a2c39e90264f33305004495a9","hash":"4e15a88c9d37b65e2404a01a26701bca2e9dd654"}
,"/Users/zakariaaoukaili/Desktop/SW-2023/Backend/routes/getMulta.js": {"path":"/Users/zakariaaoukaili/Desktop/SW-2023/Backend/routes/getMulta.js","statementMap":{"0":{"start":{"line":1,"column":16},"end":{"line":1,"column":34}},"1":{"start":{"line":3,"column":15},"end":{"line":3,"column":32}},"2":{"start":{"line":4,"column":15},"end":{"line":4,"column":23}},"3":{"start":{"line":6,"column":21},"end":{"line":6,"column":37}},"4":{"start":{"line":7,"column":24},"end":{"line":7,"column":56}},"5":{"start":{"line":9,"column":0},"end":{"line":9,"column":49}},"6":{"start":{"line":12,"column":0},"end":{"line":12,"column":30}}},"fnMap":{},"branchMap":{},"s":{"0":5,"1":5,"2":5,"3":5,"4":5,"5":5,"6":5},"f":{},"b":{},"_coverageSchema":"1a1c01bbd47fc00a2c39e90264f33305004495a9","hash":"d743294ff2678ca8db196077d1a04d3a910a94d0"}
,"/Users/zakariaaoukaili/Desktop/SW-2023/Backend/routes/login.js": {"path":"/Users/zakariaaoukaili/Desktop/SW-2023/Backend/routes/login.js","statementMap":{"0":{"start":{"line":1,"column":16},"end":{"line":1,"column":34}},"1":{"start":{"line":3,"column":15},"end":{"line":3,"column":32}},"2":{"start":{"line":4,"column":15},"end":{"line":4,"column":23}},"3":{"start":{"line":6,"column":20},"end":{"line":6,"column":36}},"4":{"start":{"line":7,"column":24},"end":{"line":7,"column":64}},"5":{"start":{"line":9,"column":0},"end":{"line":9,"column":60}},"6":{"start":{"line":12,"column":0},"end":{"line":12,"column":29}}},"fnMap":{},"branchMap":{},"s":{"0":5,"1":5,"2":5,"3":5,"4":5,"5":5,"6":5},"f":{},"b":{},"_coverageSchema":"1a1c01bbd47fc00a2c39e90264f33305004495a9","hash":"2fd913b3865c2e97ec4bf16f43dc2fe29adbf9b1"}
,"/Users/zakariaaoukaili/Desktop/SW-2023/Backend/routes/logout.js": {"path":"/Users/zakariaaoukaili/Desktop/SW-2023/Backend/routes/logout.js","statementMap":{"0":{"start":{"line":1,"column":16},"end":{"line":1,"column":34}},"1":{"start":{"line":3,"column":15},"end":{"line":3,"column":32}},"2":{"start":{"line":4,"column":15},"end":{"line":4,"column":23}},"3":{"start":{"line":6,"column":21},"end":{"line":6,"column":37}},"4":{"start":{"line":7,"column":24},"end":{"line":7,"column":64}},"5":{"start":{"line":9,"column":0},"end":{"line":9,"column":47}},"6":{"start":{"line":12,"column":0},"end":{"line":12,"column":30}}},"fnMap":{},"branchMap":{},"s":{"0":5,"1":5,"2":5,"3":5,"4":5,"5":5,"6":5},"f":{},"b":{},"_coverageSchema":"1a1c01bbd47fc00a2c39e90264f33305004495a9","hash":"222620ae50c98dc298b236ac63c952a93b862484"}
,"/Users/zakariaaoukaili/Desktop/SW-2023/Backend/routes/newLibro.js": {"path":"/Users/zakariaaoukaili/Desktop/SW-2023/Backend/routes/newLibro.js","statementMap":{"0":{"start":{"line":1,"column":16},"end":{"line":1,"column":34}},"1":{"start":{"line":3,"column":15},"end":{"line":3,"column":32}},"2":{"start":{"line":4,"column":15},"end":{"line":4,"column":23}},"3":{"start":{"line":6,"column":23},"end":{"line":6,"column":39}},"4":{"start":{"line":7,"column":24},"end":{"line":7,"column":55}},"5":{"start":{"line":9,"column":0},"end":{"line":9,"column":67}},"6":{"start":{"line":12,"column":0},"end":{"line":12,"column":32}},"7":{"start":{"line":12,"column":33},"end":{"line":12,"column":40}}},"fnMap":{},"branchMap":{},"s":{"0":5,"1":5,"2":5,"3":5,"4":5,"5":5,"6":5,"7":5},"f":{},"b":{},"_coverageSchema":"1a1c01bbd47fc00a2c39e90264f33305004495a9","hash":"1be816e4fe52e5864108f69d1a2ac1003d5446d2"}
,"/Users/zakariaaoukaili/Desktop/SW-2023/Backend/routes/patchDisponibilita.js": {"path":"/Users/zakariaaoukaili/Desktop/SW-2023/Backend/routes/patchDisponibilita.js","statementMap":{"0":{"start":{"line":1,"column":16},"end":{"line":1,"column":34}},"1":{"start":{"line":3,"column":15},"end":{"line":3,"column":32}},"2":{"start":{"line":4,"column":15},"end":{"line":4,"column":23}},"3":{"start":{"line":6,"column":19},"end":{"line":6,"column":35}},"4":{"start":{"line":7,"column":22},"end":{"line":7,"column":61}},"5":{"start":{"line":10,"column":0},"end":{"line":10,"column":72}},"6":{"start":{"line":12,"column":0},"end":{"line":12,"column":27}}},"fnMap":{},"branchMap":{},"s":{"0":5,"1":5,"2":5,"3":5,"4":5,"5":5,"6":5},"f":{},"b":{},"_coverageSchema":"1a1c01bbd47fc00a2c39e90264f33305004495a9","hash":"f12eed24d47c37fa233e1d0de6b3fa43a346cc6c"}
,"/Users/zakariaaoukaili/Desktop/SW-2023/Backend/routes/patchRent.js": {"path":"/Users/zakariaaoukaili/Desktop/SW-2023/Backend/routes/patchRent.js","statementMap":{"0":{"start":{"line":1,"column":16},"end":{"line":1,"column":34}},"1":{"start":{"line":3,"column":15},"end":{"line":3,"column":32}},"2":{"start":{"line":4,"column":15},"end":{"line":4,"column":23}},"3":{"start":{"line":6,"column":19},"end":{"line":6,"column":35}},"4":{"start":{"line":7,"column":22},"end":{"line":7,"column":54}},"5":{"start":{"line":10,"column":0},"end":{"line":10,"column":64}},"6":{"start":{"line":12,"column":0},"end":{"line":12,"column":27}}},"fnMap":{},"branchMap":{},"s":{"0":5,"1":5,"2":5,"3":5,"4":5,"5":5,"6":5},"f":{},"b":{},"_coverageSchema":"1a1c01bbd47fc00a2c39e90264f33305004495a9","hash":"b387b0dc0462f7141df777b33b88663ce869e6e5"}
,"/Users/zakariaaoukaili/Desktop/SW-2023/Backend/routes/postApp.js": {"path":"/Users/zakariaaoukaili/Desktop/SW-2023/Backend/routes/postApp.js","statementMap":{"0":{"start":{"line":1,"column":16},"end":{"line":1,"column":34}},"1":{"start":{"line":3,"column":15},"end":{"line":3,"column":32}},"2":{"start":{"line":4,"column":15},"end":{"line":4,"column":23}},"3":{"start":{"line":6,"column":18},"end":{"line":6,"column":34}},"4":{"start":{"line":7,"column":25},"end":{"line":7,"column":57}},"5":{"start":{"line":9,"column":0},"end":{"line":9,"column":63}},"6":{"start":{"line":12,"column":0},"end":{"line":12,"column":27}}},"fnMap":{},"branchMap":{},"s":{"0":5,"1":5,"2":5,"3":5,"4":5,"5":5,"6":5},"f":{},"b":{},"_coverageSchema":"1a1c01bbd47fc00a2c39e90264f33305004495a9","hash":"baaeb8f8ff0253f2f9f29716dddca00f8f78acfe"}
,"/Users/zakariaaoukaili/Desktop/SW-2023/Backend/routes/postMulta.js": {"path":"/Users/zakariaaoukaili/Desktop/SW-2023/Backend/routes/postMulta.js","statementMap":{"0":{"start":{"line":1,"column":16},"end":{"line":1,"column":34}},"1":{"start":{"line":3,"column":15},"end":{"line":3,"column":32}},"2":{"start":{"line":4,"column":15},"end":{"line":4,"column":23}},"3":{"start":{"line":6,"column":19},"end":{"line":6,"column":35}},"4":{"start":{"line":7,"column":22},"end":{"line":7,"column":53}},"5":{"start":{"line":10,"column":0},"end":{"line":10,"column":57}},"6":{"start":{"line":12,"column":0},"end":{"line":12,"column":27}}},"fnMap":{},"branchMap":{},"s":{"0":5,"1":5,"2":5,"3":5,"4":5,"5":5,"6":5},"f":{},"b":{},"_coverageSchema":"1a1c01bbd47fc00a2c39e90264f33305004495a9","hash":"181a05566d69ffb085eba1d567752dbfd69346b9"}
,"/Users/zakariaaoukaili/Desktop/SW-2023/Backend/routes/signUp.js": {"path":"/Users/zakariaaoukaili/Desktop/SW-2023/Backend/routes/signUp.js","statementMap":{"0":{"start":{"line":1,"column":16},"end":{"line":1,"column":34}},"1":{"start":{"line":3,"column":15},"end":{"line":3,"column":32}},"2":{"start":{"line":4,"column":15},"end":{"line":4,"column":23}},"3":{"start":{"line":6,"column":21},"end":{"line":6,"column":37}},"4":{"start":{"line":7,"column":25},"end":{"line":7,"column":57}},"5":{"start":{"line":9,"column":0},"end":{"line":9,"column":63}},"6":{"start":{"line":12,"column":0},"end":{"line":12,"column":30}}},"fnMap":{},"branchMap":{},"s":{"0":5,"1":5,"2":5,"3":5,"4":5,"5":5,"6":5},"f":{},"b":{},"_coverageSchema":"1a1c01bbd47fc00a2c39e90264f33305004495a9","hash":"1c70f3b8a5dc3058c0c551d46d255bc648263c7e"}
}
