TN:
SF:server.js
FN:7,(anonymous_0)
FNF:1
FNH:0
FNDA:0,(anonymous_0)
DA:1,5
DA:2,5
DA:3,5
DA:6,5
DA:7,5
DA:8,0
DA:11,5
DA:15,5
DA:16,5
DA:18,5
DA:21,5
DA:22,5
DA:23,5
DA:24,5
DA:25,5
DA:26,5
DA:27,5
DA:28,5
DA:31,5
DA:32,5
DA:33,5
DA:34,5
DA:35,5
DA:38,5
DA:42,5
DA:43,5
DA:44,5
DA:45,5
DA:46,5
DA:48,5
LF:30
LH:29
BRF:0
BRH:0
end_of_record
TN:
SF:auxiliares/check.js
FN:1,(anonymous_0)
FN:17,(anonymous_1)
FNF:2
FNH:2
FNDA:4,(anonymous_0)
FNDA:5,(anonymous_1)
DA:1,5
DA:2,4
DA:3,4
DA:4,1
DA:7,3
DA:11,2
DA:13,1
DA:17,5
DA:18,5
DA:24,5
LF:10
LH:10
BRDA:3,0,0,1
BRDA:3,0,1,3
BRDA:7,1,0,2
BRDA:7,1,1,1
BRDA:7,2,0,3
BRDA:7,2,1,1
BRDA:7,2,2,1
BRDA:7,2,3,1
BRDA:7,2,4,1
BRDA:7,2,5,1
BRDA:7,2,6,1
BRF:11
BRH:11
end_of_record
TN:
SF:controllers/admin.js
FN:8,(anonymous_0)
FN:9,(anonymous_1)
FN:15,(anonymous_2)
FN:27,(anonymous_3)
FN:65,(anonymous_4)
FN:96,(anonymous_5)
FNF:6
FNH:6
FNDA:1,(anonymous_0)
FNDA:1,(anonymous_1)
FNDA:29,(anonymous_2)
FNDA:3,(anonymous_3)
FNDA:2,(anonymous_4)
FNDA:2,(anonymous_5)
DA:1,5
DA:2,5
DA:3,5
DA:4,5
DA:8,5
DA:9,1
DA:10,1
DA:11,1
DA:12,0
DA:15,29
DA:21,1
DA:27,5
DA:28,3
DA:29,3
DA:30,3
DA:31,1
DA:34,2
DA:41,2
DA:42,0
DA:43,0
DA:44,0
DA:46,2
DA:49,2
DA:57,2
DA:58,1
DA:60,1
DA:65,5
DA:66,2
DA:67,2
DA:68,2
DA:69,1
DA:72,1
DA:73,1
DA:75,1
DA:76,1
DA:77,1
DA:79,1
DA:81,1
DA:87,1
DA:88,1
DA:90,0
DA:96,5
DA:97,2
DA:99,2
DA:100,1
DA:102,1
DA:103,1
DA:108,5
LF:48
LH:43
BRDA:10,0,0,1
BRDA:10,0,1,0
BRDA:11,1,0,0
BRDA:11,1,1,1
BRDA:30,2,0,1
BRDA:30,2,1,2
BRDA:41,3,0,0
BRDA:41,3,1,2
BRDA:68,4,0,1
BRDA:68,4,1,1
BRDA:99,5,0,1
BRDA:99,5,1,1
BRF:12
BRH:9
end_of_record
TN:
SF:controllers/authentication.js
FN:6,(anonymous_0)
FN:24,(anonymous_1)
FNF:2
FNH:2
FNDA:3,(anonymous_0)
FNDA:2,(anonymous_1)
DA:1,5
DA:2,5
DA:6,5
DA:7,3
DA:9,3
DA:10,1
DA:13,2
DA:14,1
DA:17,1
DA:18,1
DA:19,1
DA:20,1
DA:24,5
DA:25,2
DA:26,2
DA:27,1
DA:28,1
DA:29,1
DA:31,1
DA:33,1
DA:38,5
LF:21
LH:21
BRDA:9,0,0,1
BRDA:9,0,1,2
BRDA:13,1,0,1
BRDA:13,1,1,1
BRDA:26,2,0,1
BRDA:26,2,1,1
BRF:6
BRH:6
end_of_record
TN:
SF:controllers/book.js
FN:4,(anonymous_0)
FN:5,(anonymous_1)
FN:11,(anonymous_2)
FN:24,(anonymous_3)
FN:36,(anonymous_4)
FN:71,(anonymous_5)
FNF:6
FNH:6
FNDA:1,(anonymous_0)
FNDA:1,(anonymous_1)
FNDA:24,(anonymous_2)
FNDA:2,(anonymous_3)
FNDA:7,(anonymous_4)
FNDA:4,(anonymous_5)
DA:1,5
DA:2,5
DA:4,5
DA:5,1
DA:6,1
DA:7,1
DA:8,0
DA:11,24
DA:18,1
DA:24,5
DA:25,2
DA:27,2
DA:28,1
DA:30,1
DA:31,1
DA:36,5
DA:37,7
DA:39,7
DA:40,2
DA:43,5
DA:44,2
DA:46,3
DA:47,2
DA:49,1
DA:51,6
DA:52,6
DA:53,6
DA:54,9
DA:55,9
DA:64,6
DA:65,3
DA:67,3
DA:71,5
DA:72,4
DA:73,4
DA:75,4
DA:76,1
DA:78,3
DA:79,2
DA:82,1
DA:84,3
DA:85,3
DA:86,1
DA:88,2
DA:89,2
DA:90,7
DA:91,7
DA:100,7
DA:102,2
DA:105,0
DA:110,5
LF:51
LH:49
BRDA:6,0,0,1
BRDA:6,0,1,0
BRDA:7,1,0,0
BRDA:7,1,1,1
BRDA:27,2,0,1
BRDA:27,2,1,1
BRDA:39,3,0,2
BRDA:39,3,1,5
BRDA:43,4,0,2
BRDA:43,4,1,3
BRDA:46,5,0,2
BRDA:46,5,1,1
BRDA:64,6,0,3
BRDA:64,6,1,3
BRDA:75,7,0,1
BRDA:75,7,1,3
BRDA:78,8,0,2
BRDA:78,8,1,1
BRDA:85,9,0,1
BRDA:85,9,1,2
BRF:20
BRH:18
end_of_record
TN:
SF:controllers/disponibilita.js
FN:5,(anonymous_0)
FN:25,rimuoviElemento
FNF:2
FNH:2
FNDA:4,(anonymous_0)
FNDA:2,rimuoviElemento
DA:1,5
DA:2,5
DA:5,5
DA:7,4
DA:8,4
DA:10,4
DA:11,1
DA:13,3
DA:14,1
DA:18,2
DA:27,2
DA:30,2
DA:31,1
DA:35,2
DA:38,2
DA:44,2
DA:47,5
LF:17
LH:17
BRDA:10,0,0,1
BRDA:10,0,1,3
BRDA:13,1,0,1
BRDA:13,1,1,2
BRDA:30,2,0,1
BRDA:30,2,1,1
BRF:6
BRH:6
end_of_record
TN:
SF:controllers/utente.js
FN:10,(anonymous_0)
FN:11,(anonymous_1)
FN:16,(anonymous_2)
FN:45,(anonymous_3)
FN:58,compareDates
FN:74,(anonymous_5)
FN:89,(anonymous_6)
FN:99,(anonymous_7)
FN:111,(anonymous_8)
FN:146,(anonymous_9)
FN:204,(anonymous_10)
FN:216,(anonymous_11)
FNF:12
FNH:12
FNDA:6,(anonymous_0)
FNDA:6,(anonymous_1)
FNDA:5,(anonymous_2)
FNDA:2,(anonymous_3)
FNDA:3,compareDates
FNDA:4,(anonymous_5)
FNDA:2,(anonymous_6)
FNDA:2,(anonymous_7)
FNDA:3,(anonymous_8)
FNDA:6,(anonymous_9)
FNDA:2,(anonymous_10)
FNDA:2,(anonymous_11)
DA:1,5
DA:2,5
DA:3,5
DA:4,5
DA:5,5
DA:6,5
DA:7,5
DA:10,5
DA:11,6
DA:12,6
DA:13,5
DA:19,5
DA:20,0
DA:21,0
DA:22,0
DA:25,5
DA:27,5
DA:35,5
DA:36,1
DA:37,1
DA:39,4
DA:40,2
DA:41,2
DA:45,2
DA:46,2
DA:47,1
DA:53,1
DA:59,3
DA:64,3
DA:66,3
DA:67,1
DA:69,2
DA:74,5
DA:75,4
DA:76,4
DA:77,1
DA:79,3
DA:85,3
DA:86,1
DA:89,2
DA:90,2
DA:91,1
DA:93,1
DA:99,5
DA:100,2
DA:102,2
DA:103,1
DA:105,1
DA:106,1
DA:111,5
DA:112,3
DA:113,3
DA:115,3
DA:116,1
DA:119,2
DA:120,2
DA:123,2
DA:124,4
DA:125,4
DA:127,4
DA:136,4
DA:139,2
DA:141,0
DA:146,5
DA:147,6
DA:149,6
DA:150,6
DA:153,6
DA:154,6
DA:156,6
DA:157,6
DA:158,6
DA:160,6
DA:162,6
DA:163,2
DA:166,4
DA:167,1
DA:168,3
DA:169,1
DA:172,2
DA:173,1
DA:177,1
DA:181,1
DA:183,1
DA:189,1
DA:196,1
DA:199,0
DA:204,5
DA:205,2
DA:207,2
DA:208,1
DA:211,1
DA:216,5
DA:217,2
DA:218,2
DA:219,1
DA:222,1
DA:226,5
LF:98
LH:93
BRDA:12,0,0,5
BRDA:12,0,1,1
BRDA:19,1,0,0
BRDA:19,1,1,5
BRDA:35,2,0,1
BRDA:35,2,1,4
BRDA:39,3,0,2
BRDA:39,3,1,2
BRDA:46,4,0,1
BRDA:46,4,1,1
BRDA:66,5,0,1
BRDA:66,5,1,2
BRDA:76,6,0,1
BRDA:76,6,1,3
BRDA:85,7,0,1
BRDA:85,7,1,2
BRDA:90,8,0,1
BRDA:90,8,1,1
BRDA:102,9,0,1
BRDA:102,9,1,1
BRDA:115,10,0,1
BRDA:115,10,1,2
BRDA:162,11,0,2
BRDA:162,11,1,4
BRDA:166,12,0,1
BRDA:166,12,1,3
BRDA:168,13,0,1
BRDA:168,13,1,2
BRDA:172,14,0,1
BRDA:172,14,1,1
BRDA:207,15,0,1
BRDA:207,15,1,1
BRDA:218,16,0,1
BRDA:218,16,1,1
BRDA:218,17,0,2
BRDA:218,17,1,2
BRF:36
BRH:35
end_of_record
TN:
SF:models/appuntamento.js
FNF:0
FNH:0
DA:1,5
DA:3,5
DA:9,5
DA:10,5
LF:4
LH:4
BRF:0
BRH:0
end_of_record
TN:
SF:models/book.js
FNF:0
FNH:0
DA:1,5
DA:4,5
DA:14,5
DA:15,5
LF:4
LH:4
BRF:0
BRH:0
end_of_record
TN:
SF:models/counter.js
FNF:0
FNH:0
DA:1,5
DA:3,5
DA:8,5
DA:9,5
LF:4
LH:4
BRF:0
BRH:0
end_of_record
TN:
SF:models/multa.js
FNF:0
FNH:0
DA:2,5
DA:4,5
DA:10,5
DA:11,5
LF:4
LH:4
BRF:0
BRH:0
end_of_record
TN:
SF:models/utente.js
FNF:0
FNH:0
DA:1,5
DA:3,5
DA:13,5
DA:14,5
LF:4
LH:4
BRF:0
BRH:0
end_of_record
TN:
SF:routes/Filter.js
FNF:0
FNH:0
DA:1,5
DA:3,5
DA:4,5
DA:6,5
DA:7,5
DA:9,5
DA:12,5
LF:7
LH:7
BRF:0
BRH:0
end_of_record
TN:
SF:routes/deleteApp.js
FNF:0
FNH:0
DA:1,5
DA:3,5
DA:4,5
DA:6,5
DA:7,5
DA:10,5
DA:12,5
LF:7
LH:7
BRF:0
BRH:0
end_of_record
TN:
SF:routes/deleteLibro.js
FNF:0
FNH:0
DA:1,5
DA:3,5
DA:4,5
DA:6,5
DA:7,5
DA:9,5
DA:12,5
LF:7
LH:7
BRF:0
BRH:0
end_of_record
TN:
SF:routes/deleteUtente.js
FNF:0
FNH:0
DA:1,5
DA:3,5
DA:4,5
DA:6,5
DA:7,5
DA:9,5
DA:12,5
LF:7
LH:7
BRF:0
BRH:0
end_of_record
TN:
SF:routes/getAllBooks.js
FNF:0
FNH:0
DA:1,5
DA:3,5
DA:4,5
DA:6,5
DA:7,5
DA:9,5
DA:11,5
LF:7
LH:7
BRF:0
BRH:0
end_of_record
TN:
SF:routes/getAllusers.js
FNF:0
FNH:0
DA:1,5
DA:3,5
DA:4,5
DA:6,5
DA:7,5
DA:9,5
DA:11,5
LF:7
LH:7
BRF:0
BRH:0
end_of_record
TN:
SF:routes/getApp.js
FNF:0
FNH:0
DA:1,5
DA:3,5
DA:4,5
DA:6,5
DA:7,5
DA:9,5
DA:12,5
LF:7
LH:7
BRF:0
BRH:0
end_of_record
TN:
SF:routes/getBooks.js
FNF:0
FNH:0
DA:1,5
DA:3,5
DA:4,5
DA:6,5
DA:7,5
DA:9,5
DA:12,5
LF:7
LH:7
BRF:0
BRH:0
end_of_record
TN:
SF:routes/getLibro.js
FNF:0
FNH:0
DA:1,5
DA:3,5
DA:4,5
DA:6,5
DA:7,5
DA:9,5
DA:12,5
LF:7
LH:7
BRF:0
BRH:0
end_of_record
TN:
SF:routes/getMulta.js
FNF:0
FNH:0
DA:1,5
DA:3,5
DA:4,5
DA:6,5
DA:7,5
DA:9,5
DA:12,5
LF:7
LH:7
BRF:0
BRH:0
end_of_record
TN:
SF:routes/login.js
FNF:0
FNH:0
DA:1,5
DA:3,5
DA:4,5
DA:6,5
DA:7,5
DA:9,5
DA:12,5
LF:7
LH:7
BRF:0
BRH:0
end_of_record
TN:
SF:routes/logout.js
FNF:0
FNH:0
DA:1,5
DA:3,5
DA:4,5
DA:6,5
DA:7,5
DA:9,5
DA:12,5
LF:7
LH:7
BRF:0
BRH:0
end_of_record
TN:
SF:routes/newLibro.js
FNF:0
FNH:0
DA:1,5
DA:3,5
DA:4,5
DA:6,5
DA:7,5
DA:9,5
DA:12,5
LF:7
LH:7
BRF:0
BRH:0
end_of_record
TN:
SF:routes/patchDisponibilita.js
FNF:0
FNH:0
DA:1,5
DA:3,5
DA:4,5
DA:6,5
DA:7,5
DA:10,5
DA:12,5
LF:7
LH:7
BRF:0
BRH:0
end_of_record
TN:
SF:routes/patchRent.js
FNF:0
FNH:0
DA:1,5
DA:3,5
DA:4,5
DA:6,5
DA:7,5
DA:10,5
DA:12,5
LF:7
LH:7
BRF:0
BRH:0
end_of_record
TN:
SF:routes/postApp.js
FNF:0
FNH:0
DA:1,5
DA:3,5
DA:4,5
DA:6,5
DA:7,5
DA:9,5
DA:12,5
LF:7
LH:7
BRF:0
BRH:0
end_of_record
TN:
SF:routes/postMulta.js
FNF:0
FNH:0
DA:1,5
DA:3,5
DA:4,5
DA:6,5
DA:7,5
DA:10,5
DA:12,5
LF:7
LH:7
BRF:0
BRH:0
end_of_record
TN:
SF:routes/signUp.js
FNF:0
FNH:0
DA:1,5
DA:3,5
DA:4,5
DA:6,5
DA:7,5
DA:9,5
DA:12,5
LF:7
LH:7
BRF:0
BRH:0
end_of_record
